\BOOKMARK [1][-]{section.1}{\376\377\000R\000e\000p\000r\000\346\000s\000e\000n\000t\000a\000t\000i\000o\000n\000\040\000a\000f\000\040\000t\000a\000l}{}% 1
\BOOKMARK [2][-]{subsection.1.1}{\376\377\000K\000o\000n\000v\000e\000t\000e\000r\000i\000n\000g\000\040\000f\000r\000a\000\040\0002\000\040\000t\000a\000l\000s\000\040\000s\000y\000s\000t\000e\000m\000\040\000t\000i\000l\000\040\0001\0000\000\040\000t\000a\000l\000s\000\040\000s\000y\000s\000t\000e\000m}{section.1}% 2
\BOOKMARK [2][-]{subsection.1.2}{\376\377\000K\000o\000n\000v\000e\000t\000e\000r\000i\000n\000g\000\040\000f\000r\000a\000\040\0003\000\040\000t\000a\000l\000s\000\040\000s\000y\000s\000t\000e\000m\000\040\000t\000i\000l\000\040\0001\0000\000\040\000t\000a\000l\000s\000\040\000s\000y\000s\000t\000e\000m}{section.1}% 3
\BOOKMARK [2][-]{subsection.1.3}{\376\377\000K\000o\000n\000v\000e\000t\000e\000r\000i\000n\000g\000\040\000f\000r\000a\000\040\000h\000e\000x\000\040\000t\000a\000l\000s\000\040\000s\000y\000s\000t\000e\000m\000\040\000t\000i\000l\000\040\0001\0000\000\040\000t\000a\000l\000s\000\040\000s\000y\000s\000t\000e\000m}{section.1}% 4
\BOOKMARK [2][-]{subsection.1.4}{\376\377\000K\000o\000n\000v\000e\000t\000e\000r\000i\000n\000g\000\040\000f\000r\000a\000\040\000h\000e\000x\000\040\000t\000a\000l\000s\000\040\000s\000y\000s\000t\000e\000m\000\040\000t\000i\000l\000\040\0002\000\040\000t\000a\000l\000s\000\040\000s\000y\000s\000t\000e\000m}{section.1}% 5
\BOOKMARK [2][-]{subsection.1.5}{\376\377\000K\000o\000n\000v\000e\000t\000e\000r\000i\000n\000g\000\040\000f\000r\000a\000\040\0001\0000\000\040\000t\000a\000l\000s\000\040\000s\000y\000s\000t\000e\000m\000\040\000t\000i\000l\000l\000\040\0002\000\040\000t\000a\000l\000s\000\040\000s\000y\000s\000t\000e\000m\000\040\000v\000i\000a\000\040\000a\000l\000g\000o\000r\000i\000t\000m\000e}{section.1}% 6
\BOOKMARK [2][-]{subsection.1.6}{\376\377\000T\000w\000o\000'\000s\000\040\000c\000o\000m\000p\000l\000e\000m\000e\000n\000t}{section.1}% 7
\BOOKMARK [2][-]{subsection.1.7}{\376\377\000K\000o\000m\000m\000a\000t\000a\000l\000\040\000i\000\040\000b\000i\000n\000\346\000r}{section.1}% 8
\BOOKMARK [3][-]{subsubsection.1.7.1}{\376\377\000F\000a\000s\000t\000\040\000d\000e\000c\000i\000m\000a\000l\000p\000u\000n\000k\000t}{subsection.1.7}% 9
\BOOKMARK [3][-]{subsubsection.1.7.2}{\376\377\000F\000l\000y\000d\000e\000n\000d\000e\000\040\000d\000e\000c\000i\000m\000a\000l\000p\000u\000n\000k\000t}{subsection.1.7}% 10
\BOOKMARK [1][-]{section.2}{\376\377\000G\000a\000t\000e\000s\000\040\000o\000g\000\040\000m\000e\000m\000o\000r\000y}{}% 11
\BOOKMARK [2][-]{subsection.2.1}{\376\377\000G\000a\000t\000e\000s}{section.2}% 12
\BOOKMARK [2][-]{subsection.2.2}{\376\377\000M\000e\000m\000o\000r\000y}{section.2}% 13
\BOOKMARK [1][-]{section.3}{\376\377\000C\000P\000U}{}% 14
\BOOKMARK [2][-]{subsection.3.1}{\376\377\000O\000p\000b\000y\000g\000n\000i\000n\000g}{section.3}% 15
\BOOKMARK [1][-]{section.4}{\376\377\000A\000l\000g\000o\000r\000i\000t\000m\000e\000r}{}% 16
\BOOKMARK [2][-]{subsection.4.1}{\376\377\000B\000i\000n\000a\000r\000y\000\040\000s\000e\000a\000r\000c\000h}{section.4}% 17
\BOOKMARK [2][-]{subsection.4.2}{\376\377\000K\000\370\000r\000e\000t\000i\000d}{section.4}% 18
\BOOKMARK [2][-]{subsection.4.3}{\376\377\000I\000n\000v\000a\000r\000i\000a\000n\000t}{section.4}% 19
\BOOKMARK [1][-]{section.5}{\376\377\000M\000e\000r\000g\000i\000n\000g\000\040\000a\000n\000d\000\040\000h\000a\000s\000h\000i\000n\000g}{}% 20
\BOOKMARK [2][-]{subsection.5.1}{\376\377\000D\000a\000t\000a\000s\000t\000r\000u\000k\000t\000u\000r\000e}{section.5}% 21
\BOOKMARK [3][-]{subsubsection.5.1.1}{\376\377\000S\000e\000k\000v\000e\000n\000t\000i\000e\000l\000\040\000t\000i\000l\000g\000a\000n\000g}{subsection.5.1}% 22
\BOOKMARK [3][-]{subsubsection.5.1.2}{\376\377\000R\000a\000n\000d\000o\000m\000\040\000a\000c\000c\000e\000s\000s}{subsection.5.1}% 23
\BOOKMARK [3][-]{subsubsection.5.1.3}{\376\377\000M\000e\000r\000g\000i\000n\000g}{subsection.5.1}% 24
\BOOKMARK [2][-]{subsection.5.2}{\376\377\000H\000a\000s\000h\000i\000n\000g}{section.5}% 25
\BOOKMARK [3][-]{subsubsection.5.2.1}{\376\377\000S\000a\000n\000d\000s\000y\000n\000l\000i\000g\000h\000e\000d\000\040\000f\000o\000r\000\040\000o\000v\000e\000r\000l\000a\000p}{subsection.5.2}% 26
\BOOKMARK [1][-]{section.6}{\376\377\000M\000a\000c\000h\000i\000n\000e\000\040\000L\000e\000a\000r\000n\000i\000n\000g}{}% 27
\BOOKMARK [2][-]{subsection.6.1}{\376\377\000F\000o\000r\000m\000s\000\040\000o\000f\000\040\000m\000a\000c\000h\000i\000n\000e\000\040\000l\000e\000a\000r\000n\000i\000n\000g}{section.6}% 28
\BOOKMARK [2][-]{subsection.6.2}{\376\377\000S\000u\000p\000e\000r\000v\000i\000s\000e\000d\000\040\000L\000e\000a\000r\000n\000i\000n\000g}{section.6}% 29
\BOOKMARK [3][-]{subsubsection.6.2.1}{\376\377\000R\000e\000g\000r\000e\000s\000s\000i\000o\000n\000\040\000p\000r\000o\000b\000l\000e\000m}{subsection.6.2}% 30
\BOOKMARK [3][-]{subsubsection.6.2.2}{\376\377\000C\000l\000a\000s\000s\000i\000f\000i\000c\000a\000t\000i\000o\000n\000\040\000p\000r\000o\000b\000l\000e\000m}{subsection.6.2}% 31
\BOOKMARK [2][-]{subsection.6.3}{\376\377\000G\000e\000n\000e\000r\000a\000l\000\040\000f\000r\000a\000m\000e\000w\000o\000r\000k}{section.6}% 32
\BOOKMARK [2][-]{subsection.6.4}{\376\377\000O\000v\000e\000r\000f\000i\000t\000t\000i\000n\000g}{section.6}% 33
\BOOKMARK [2][-]{subsection.6.5}{\376\377\000T\000r\000a\000i\000n\000i\000n\000g\000\040\000a\000n\000d\000\040\000A\000s\000s\000e\000s\000s\000m\000e\000n\000t}{section.6}% 34
\BOOKMARK [2][-]{subsection.6.6}{\376\377\000M\000c\000C\000u\000l\000l\000o\000c\000h\000-\000p\000i\000t\000t\000s\000\040\000"\000u\000n\000i\000t\000s\000"}{section.6}% 35
\BOOKMARK [2][-]{subsection.6.7}{\376\377\000N\000e\000t\000w\000o\000r\000k\000\040\000s\000t\000r\000u\000c\000t\000u\000r\000e\000s}{section.6}% 36
\BOOKMARK [1][-]{section.7}{\376\377\000R\000e\000a\000t\000u\000r\000e\000\040\000s\000p\000a\000c\000e\000s\000\040\000f\000o\000r\000\040\000r\000e\000p\000e\000s\000e\000n\000t\000a\000t\000i\000o\000n\000\040\000o\000f\000\040\000i\000m\000a\000g\000e\000s}{}% 37
\BOOKMARK [2][-]{subsection.7.1}{\376\377\000C\000o\000l\000o\000r\000\040\000h\000i\000s\000t\000o\000g\000r\000a\000m}{section.7}% 38
\BOOKMARK [2][-]{subsection.7.2}{\376\377\000D\000i\000s\000t\000a\000n\000c\000e\000\040\000o\000f\000\040\000c\000o\000l\000o\000r\000\040\000h\000i\000s\000t\000o\000g\000r\000a\000m\000s}{section.7}% 39
\BOOKMARK [1][-]{section.8}{\376\377\000C\000l\000u\000s\000t\000e\000r\000i\000n\000g}{}% 40
\BOOKMARK [2][-]{subsection.8.1}{\376\377\000L\000l\000o\000y\000d\000/\000f\000o\000r\000g\000y}{section.8}% 41
\BOOKMARK [2][-]{subsection.8.2}{\376\377\000M\000a\000c\000Q\000u\000e\000e\000n\000/\000k\000-\000m\000e\000a\000n\000s}{section.8}% 42
\BOOKMARK [1][-]{section.9}{\376\377\000M\000o\000d\000e\000l\000s\000\040\000o\000f\000\040\000C\000o\000m\000p\000u\000t\000a\000t\000i\000o\000n\000,\000\040\000l\000a\000n\000g\000u\000a\000g\000e\000s\000\040\000a\000n\000d\000\040\000R\000e\000c\000u\000r\000s\000i\000o\000n}{}% 43
\BOOKMARK [2][-]{subsection.9.1}{\376\377\000M\000o\000d\000e\000l\000s\000\040\000o\000f\000\040\000C\000o\000m\000p\000u\000t\000a\000t\000i\000o\000n}{section.9}% 44
\BOOKMARK [2][-]{subsection.9.2}{\376\377\000D\000e\000t\000e\000r\000m\000i\000n\000i\000s\000t\000i\000c\000\040\000F\000i\000n\000i\000t\000e\000\040\000A\000u\000t\000o\000m\000a\000t\000o\000n\000\040\000\050\000D\000F\000A\000\051}{section.9}% 45
\BOOKMARK [2][-]{subsection.9.3}{\376\377\000C\000o\000n\000t\000t\000e\000x\000t\000-\000F\000r\000e\000e\000\040\000G\000r\000a\000m\000m\000a\000r}{section.9}% 46
\BOOKMARK [1][-]{section.10}{\376\377\000O\000n\000l\000i\000n\000e\000\040\000a\000g\000l\000r\000i\000t\000h\000m\000e\000s}{}% 47
\BOOKMARK [1][-]{section.11}{\376\377\000S\000a\000t\000i\000s\000f\000i\000a\000b\000i\000l\000i\000t\000y}{}% 48
\BOOKMARK [1][-]{section.12}{\376\377\000D\000a\000t\000a\000b\000a\000s\000e\000r}{}% 49
\BOOKMARK [2][-]{subsection.12.1}{\376\377\000C\000o\000n\000c\000e\000p\000t\000u\000a\000l}{section.12}% 50
\BOOKMARK [2][-]{subsection.12.2}{\376\377\000L\000o\000g\000i\000c\000a\000l}{section.12}% 51
\BOOKMARK [2][-]{subsection.12.3}{\376\377\000P\000h\000y\000s\000i\000c\000a\000l}{section.12}% 52
\BOOKMARK [3][-]{subsubsection.12.3.1}{\376\377\000R\000e\000l\000a\000t\000i\000o\000\040\000A\000l\000g\000e\000b\000r\000a}{subsection.12.3}% 53
\BOOKMARK [2][-]{subsection.12.4}{\376\377\000I\000n\000t\000e\000g\000r\000i\000t\000y\000\040\000C\000o\000n\000s\000t\000r\000a\000i\000n\000t\000s}{section.12}% 54
\BOOKMARK [2][-]{subsection.12.5}{\376\377\000P\000r\000i\000m\000a\000r\000y\000\040\000k\000e\000y}{section.12}% 55
\BOOKMARK [1][-]{section.13}{\376\377\000C\000r\000y\000p\000t\000o\000l\000o\000g\000y}{}% 56
\BOOKMARK [2][-]{subsection.13.1}{\376\377\000E\000n\000c\000r\000y\000p\000t\000i\000o\000n}{section.13}% 57
\BOOKMARK [2][-]{subsection.13.2}{\376\377\000S\000y\000m\000m\000e\000t\000r\000i\000c\000\040\000k\000e\000y\000\040\000s\000y\000s\000t\000e\000m\000s}{section.13}% 58
\BOOKMARK [2][-]{subsection.13.3}{\376\377\000A\000s\000s\000y\000m\000t\000r\000i\000c\000\040\000k\000e\000y\000s}{section.13}% 59
\BOOKMARK [2][-]{subsection.13.4}{\376\377\000R\000S\000A}{section.13}% 60
\BOOKMARK [3][-]{subsubsection.13.4.1}{\376\377\000W\000h\000y\000\040\000i\000t\000\040\000w\000o\000r\000k\000s}{subsection.13.4}% 61
\BOOKMARK [3][-]{subsubsection.13.4.2}{\376\377\000W\000h\000y\000\040\000R\000S\000A\000\040\000i\000s\000\040\000s\000e\000c\000u\000r\000e}{subsection.13.4}% 62
\BOOKMARK [3][-]{subsubsection.13.4.3}{\376\377\000R\000S\000A\000\040\000i\000m\000p\000l\000e\000m\000e\000n\000t\000a\000t\000i\000o\000n}{subsection.13.4}% 63
\BOOKMARK [2][-]{subsection.13.5}{\376\377\000S\000y\000m\000m\000e\000t\000r\000i\000c\000\040\000a\000n\000d\000\040\000p\000u\000b\000l\000i\000c\000\040\000k\000e\000y\000\040\000s\000y\000s\000t\000e\000m}{section.13}% 64
\BOOKMARK [1][-]{section.14}{\376\377\000G\000r\000a\000p\000h\000\040\000t\000h\000e\000o\000r\000y}{}% 65
\BOOKMARK [2][-]{subsection.14.1}{\376\377\000M\000a\000t\000r\000i\000x\000\040\000r\000e\000p\000r\000e\000s\000e\000n\000t\000a\000t\000i\000o\000n}{section.14}% 66
